<?xml version="1.0" encoding="UTF-8"?>
<!-- Generated by org.testng.reporters.JUnitReportReporter -->
<testsuite hostname="DESKTOP-L558MLK" failures="0" tests="1" name="tests.TestImplementingHttpIntercreptorForSignUp" time="10.057" errors="0" timestamp="2020-10-24T16:50:25 EET" skipped="0">
  <testcase classname="tests.TestImplementingHttpIntercreptorForSignUp" name="UserCanVerifySigupHttpRequestandValidateTheResponse" time="10.057"/>
  <system-out/>
</testsuite> <!-- tests.TestImplementingHttpIntercreptorForSignUp -->
