<?xml version="1.0" encoding="UTF-8"?>
<!-- Generated by org.testng.reporters.JUnitReportReporter -->
<testsuite hostname="DESKTOP-L558MLK" failures="0" tests="1" name="tests.LoginTest" time="3.214" errors="0" timestamp="2020-10-23T19:45:29 EET" skipped="0">
  <testcase classname="tests.LoginTest" name="usercanlogin" time="3.214"/>
  <system-out/>
</testsuite> <!-- tests.LoginTest -->
